<?xml version="1.0" encoding="UTF-8"?>
<!-- Generated by org.testng.reporters.JUnitReportReporter -->
<testsuite hostname="DESKTOP-VBNLNPQ" failures="0" tests="1" name="testcases.ValidateSearchFunctionalityWithRandomChars" time="6.048" errors="0" timestamp="23 Nov 2023 10:22:32 GMT" skipped="0">
  <testcase classname="testcases.ValidateSearchFunctionalityWithRandomChars" name="searchFunctionalityWithRandomChars" time="6.048"/>
</testsuite> <!-- testcases.ValidateSearchFunctionalityWithRandomChars -->
