<?xml version="1.0" encoding="UTF-8"?>
<!-- Generated by org.testng.reporters.JUnitReportReporter -->
<testsuite hostname="DESKTOP-VBNLNPQ" failures="0" tests="1" name="testcases.ValidateSearchFunctionality" time="5.999" errors="0" timestamp="23 Nov 2023 09:51:21 GMT" skipped="0">
  <testcase classname="testcases.ValidateSearchFunctionality" name="validatingSearchFunctionality" time="5.999"/>
</testsuite> <!-- testcases.ValidateSearchFunctionality -->
