<?xml version="1.0" encoding="UTF-8"?>
<!-- Generated by org.testng.reporters.JUnitReportReporter -->
<testsuite hostname="DESKTOP-VBNLNPQ" failures="0" tests="1" name="testcases.ValidateSearchFunctionalityWithBlankValue" time="1.621" errors="0" timestamp="23 Nov 2023 10:05:47 GMT" skipped="0">
  <testcase classname="testcases.ValidateSearchFunctionalityWithBlankValue" name="validateErrorMsg" time="1.621"/>
</testsuite> <!-- testcases.ValidateSearchFunctionalityWithBlankValue -->
