<?xml version="1.0" encoding="UTF-8"?>
<!-- Generated by org.testng.reporters.JUnitReportReporter -->
<testsuite hostname="DESKTOP-VBNLNPQ" failures="0" tests="1" name="testcases.ValidateAddAndRemoveCartFunctionality" time="6.123" errors="0" timestamp="24 Nov 2023 05:59:41 GMT" skipped="0">
  <testcase classname="testcases.ValidateAddAndRemoveCartFunctionality" name="validateAddAndRemoveFunctionalityFromCart" time="6.123"/>
</testsuite> <!-- testcases.ValidateAddAndRemoveCartFunctionality -->
